#
# A fatal error has been detected by the Java Runtime Environment:
#
#  EXCEPTION_ACCESS_VIOLATION (0xc0000005) at pc=0x0000000074e9152e, pid=13608, tid=15144
#
# JRE version: 6.0_17-b04
# Java VM: Java HotSpot(TM) 64-Bit Server VM (14.3-b01 mixed mode windows-amd64 )
# Problematic frame:
# C  [m_dispatcher.dll+0x1152e]
#
# If you would like to submit a bug report, please visit:
#   http://java.sun.com/webapps/bugreport/crash.jsp
# The crash happened outside the Java Virtual Machine in native code.
# See problematic frame for where to report the bug.
#

---------------  T H R E A D  ---------------

Current thread (0x0000000005c14000):  JavaThread "main" [_thread_in_native, id=15144, stack(0x0000000000210000,0x0000000004210000)]

siginfo: ExceptionCode=0xc0000005, reading address 0x00000000000000b8

Registers:
EAX=0x0000000000000000, EBX=0x0000000000000001, ECX=0x000007fee4670000, EDX=0x0000000000000007
ESP=0x0000000004207a28, EBP=0x0000000004208018, ESI=0x0000000000000000, EDI=0x000000000d344b50
EIP=0x0000000074e9152e, EFLAGS=0x0000000000010206

Top of Stack: (sp=0x0000000004207a28)
0x0000000004207a28:   000007fee4692d70 0000000080077a12
0x0000000004207a38:   0000000004207d40 0000000000000001
0x0000000004207a48:   0000000005c14ee0 0000000005c14000
0x0000000004207a58:   0000000004207d70 0000000000000001
0x0000000004207a68:   0000000016d74d50 0000000000000001
0x0000000004207a78:   000007fee4692cb3 0000000000000001
0x0000000004207a88:   0000000000000001 0000000000000001
0x0000000004207a98:   0000000016d740b0 0000000004207b68
0x0000000004207aa8:   0000000078a66215 00000000820566e8
0x0000000004207ab8:   000000008020a660 fffffffffffffffe
0x0000000004207ac8:   0000000004207af0 0000000005c14000
0x0000000004207ad8:   0000000049c95969 00000000918ceba8
0x0000000004207ae8:   0000000078a76513 0000000004207c18
0x0000000004207af8:   0000000005c14ee8 0000000005c082d0
0x0000000004207b08:   0000000004207d70 00000000850b92c8
0x0000000004207b18:   0000000075a90f29 0000000000000001 

Instructions: (pc=0x0000000074e9152e)
0x0000000074e9151e:   48 8b 89 60 04 00 00 48 85 c9 74 1c 48 8b 41 30
0x0000000074e9152e:   80 b8 b8 00 00 00 00 74 06 48 85 c9 74 0a c3 48 


Stack: [0x0000000000210000,0x0000000004210000],  sp=0x0000000004207a28,  free space=65502k
Native frames: (J=compiled Java code, j=interpreted, Vv=VM code, C=native code)
C  [m_dispatcher.dll+0x1152e]

Java frames: (J=compiled Java code, j=interpreted, Vv=VM code)
j  com.mathworks.jmi.NativeMatlab.SendMatlabMessage(Ljava/lang/Object;)Ljava/lang/Object;+0
j  com.mathworks.jmi.NativeMatlab.sendMatlabMessage(Ljava/lang/Object;)Ljava/lang/Object;+22
j  com.mathworks.jmi.MatlabLooper.sendMatlabMessage(Lcom/mathworks/services/message/MWMessage;)Ljava/lang/Object;+20
j  com.mathworks.jmi.Matlab.mtFeval(Ljava/lang/String;[Ljava/lang/Object;I)Ljava/lang/Object;+71
j  com.mathworks.mde.functionhints.MFunctionCall.getInstance(Ljava/lang/String;)Lcom/mathworks/mde/functionhints/MFunctionCall;+1123
j  com.mathworks.mde.functionhints.QueuedMatlabWorker.runOnMatlabThread()Ljava/lang/Object;+16
j  com.mathworks.jmi.MatlabWorker$2.run()V+10
j  com.mathworks.jmi.NativeMatlab.dispatchMTRequests(Z)V+127
v  ~StubRoutines::call_stub

---------------  P R O C E S S  ---------------

Java Threads: ( => current thread )
  0x000000004687c000 JavaThread "pool-8-thread-1" [_thread_blocked, id=16764, stack(0x0000000018510000,0x0000000018590000)]
  0x000000000f652000 JavaThread "LocalScheduler5" daemon [_thread_blocked, id=16852, stack(0x00000000185c0000,0x0000000018640000)]
  0x000000005dbb3000 JavaThread "LocalScheduler4" daemon [_thread_blocked, id=14740, stack(0x0000000018b50000,0x0000000018bd0000)]
  0x000000005dbb5000 JavaThread "Timer-77" daemon [_thread_blocked, id=13104, stack(0x0000000015340000,0x00000000153c0000)]
  0x000000005dbb1000 JavaThread "Main message loop" daemon [_thread_in_native, id=15364, stack(0x0000000008b40000,0x0000000008bc0000)]
  0x000000005dbb4000 JavaThread "com.jniwrapper.NativeResourceCollector" daemon [_thread_blocked, id=15452, stack(0x0000000015250000,0x00000000152d0000)]
  0x000000000f653000 JavaThread "LocalScheduler3" daemon [_thread_blocked, id=15472, stack(0x0000000015730000,0x00000000157b0000)]
  0x000000000f653800 JavaThread "LocalScheduler2" daemon [_thread_blocked, id=15392, stack(0x00000000156a0000,0x0000000015720000)]
  0x000000000f650000 JavaThread "Foxtrot Multi Worker Thread Runner #1" daemon [_thread_blocked, id=11176, stack(0x0000000008aa0000,0x0000000008b20000)]
  0x000000005dbb0000 JavaThread "FreeableDirectByteBuffer reference reaper" daemon [_thread_blocked, id=12440, stack(0x0000000058ec0000,0x0000000058f40000)]
  0x000000000f650800 JavaThread "LocalScheduler1" daemon [_thread_blocked, id=13328, stack(0x00000000089b0000,0x0000000008a30000)]
  0x000000000f651800 JavaThread "Thread-74" [_thread_blocked, id=15732, stack(0x0000000008790000,0x0000000008810000)]
  0x000000000f64a000 JavaThread "LocalScheduler0" daemon [_thread_blocked, id=15700, stack(0x0000000049770000,0x00000000497f0000)]
  0x000000000f656000 JavaThread "Code Analyzer updating thread" [_thread_blocked, id=15184, stack(0x00000000292c0000,0x0000000029340000)]
  0x000000000f655000 JavaThread "Active Reference Queue Daemon" daemon [_thread_blocked, id=580, stack(0x0000000048610000,0x0000000048690000)]
  0x000000000f64e000 JavaThread "Timer-40" daemon [_thread_blocked, id=15036, stack(0x0000000045cc0000,0x0000000045d40000)]
  0x000000000f64b800 JavaThread "Swing-Shell" daemon [_thread_blocked, id=14988, stack(0x0000000045c30000,0x0000000045cb0000)]
  0x000000000f647800 JavaThread "Timer-3" daemon [_thread_blocked, id=16320, stack(0x000000005e2e0000,0x000000005e360000)]
  0x000000000f64e800 JavaThread "Explorer NavigationContext request queue" [_thread_blocked, id=15908, stack(0x000000005e170000,0x000000005e1f0000)]
  0x000000000f64d000 JavaThread "AddressBar directory emptiness poller" [_thread_blocked, id=15936, stack(0x0000000058fc0000,0x0000000059040000)]
  0x000000000f64c800 JavaThread "Explorer Refresh Service 1432605192" [_thread_blocked, id=15904, stack(0x00000000211c0000,0x0000000021240000)]
  0x000000000f64b000 JavaThread "Timer-1" daemon [_thread_blocked, id=15816, stack(0x0000000018f60000,0x0000000018fe0000)]
  0x000000000f649800 JavaThread "TimerQueue" daemon [_thread_blocked, id=16088, stack(0x000000000eed0000,0x000000000ef50000)]
  0x000000000f649000 JavaThread "Thread-5" daemon [_thread_blocked, id=14216, stack(0x000000000fb50000,0x000000000fbd0000)]
  0x000000000f648000 JavaThread "FelixPackageAdmin" daemon [_thread_blocked, id=15588, stack(0x000000000ef60000,0x000000000efe0000)]
  0x000000005d955000 JavaThread "FelixStartLevel" daemon [_thread_blocked, id=14784, stack(0x000000000fa50000,0x000000000fad0000)]
  0x000000005d6a6000 JavaThread "FelixDispatchQueue" daemon [_thread_blocked, id=15456, stack(0x000000000ec20000,0x000000000eca0000)]
  0x000000005d96e800 JavaThread "AWT-EventQueue-0" [_thread_blocked, id=15608, stack(0x000000000f970000,0x000000000f9f0000)]
  0x000000005de5a800 JavaThread "com.google.common.base.internal.Finalizer" daemon [_thread_blocked, id=15016, stack(0x000000000f8c0000,0x000000000f940000)]
  0x000000000eb1c000 JavaThread "AWT-Windows" daemon [_thread_in_native, id=15080, stack(0x000000000eb30000,0x000000000ebb0000)]
  0x000000000e236800 JavaThread "AWT-Shutdown" [_thread_blocked, id=14916, stack(0x000000000ed40000,0x000000000edc0000)]
  0x000000005d592000 JavaThread "Java2D Disposer" daemon [_thread_blocked, id=14376, stack(0x000000000eca0000,0x000000000ed20000)]
  0x000000005d24c000 JavaThread "Timer-0" [_thread_blocked, id=14188, stack(0x000000000e5e0000,0x000000000e660000)]
  0x000000005d173000 JavaThread "EventMgr Dispatcher" daemon [_thread_in_native, id=13828, stack(0x0000000008e60000,0x000000000ce60000)]
  0x000000000e294000 JavaThread "Low Memory Detector" daemon [_thread_blocked, id=14464, stack(0x000000000d750000,0x000000000d7d0000)]
  0x000000000e290800 JavaThread "CompilerThread1" daemon [_thread_blocked, id=15976, stack(0x00000000698d0000,0x000000006d8d0000)]
  0x000000000e285000 JavaThread "CompilerThread0" daemon [_thread_blocked, id=16328, stack(0x0000000065760000,0x0000000069760000)]
  0x000000000e284000 JavaThread "Attach Listener" daemon [_thread_blocked, id=15788, stack(0x000000000e6a0000,0x000000000e720000)]
  0x000000000e226800 JavaThread "Finalizer" daemon [_thread_blocked, id=15068, stack(0x000000000e510000,0x000000000e590000)]
  0x000000000e225800 JavaThread "Reference Handler" daemon [_thread_blocked, id=16208, stack(0x000000000e3e0000,0x000000000e460000)]
=>0x0000000005c14000 JavaThread "main" [_thread_in_native, id=15144, stack(0x0000000000210000,0x0000000004210000)]

Other Threads:
  0x000000000e222000 VMThread [stack: 0x0000000061580000,0x0000000065580000] [id=15524]
  0x000000000e2c7800 WatcherThread [stack: 0x0000000094510000,0x0000000098510000] [id=14980]

VM state:not at safepoint (normal execution)

VM Mutex/Monitor currently owned by a thread: None

Heap
 PSYoungGen      total 27456K, used 8860K [0x0000000091300000, 0x0000000093370000, 0x0000000094400000)
  eden space 25536K, 27% used [0x0000000091300000,0x00000000919d59b8,0x0000000092bf0000)
  from space 1920K, 97% used [0x0000000092c70000,0x0000000092e41a30,0x0000000092e50000)
  to   space 3840K, 0% used [0x0000000092fb0000,0x0000000092fb0000,0x0000000093370000)
 PSOldGen        total 89408K, used 81242K [0x0000000088000000, 0x000000008d750000, 0x0000000091300000)
  object space 89408K, 90% used [0x0000000088000000,0x000000008cf56bc8,0x000000008d750000)
 PSPermGen       total 121088K, used 82667K [0x0000000080000000, 0x0000000087640000, 0x0000000088000000)
  object space 121088K, 68% used [0x0000000080000000,0x00000000850badc8,0x0000000087640000)

Dynamic libraries:
0x000000013f3f0000 - 0x000000013f41d000 	C:\Program Files\MATLAB\R2012b\bin\win64\MATLAB.exe
0x0000000076d20000 - 0x0000000076ec9000 	C:\Windows\SYSTEM32\ntdll.dll
0x0000000076c00000 - 0x0000000076d1f000 	C:\Windows\system32\kernel32.dll
0x000007fefcf30000 - 0x000007fefcf9b000 	C:\Windows\system32\KERNELBASE.dll
0x0000000074460000 - 0x000000007451f000 	C:\Program Files\MATLAB\R2012b\bin\win64\libut.dll
0x00000000758a0000 - 0x000000007595c000 	C:\Program Files\MATLAB\R2012b\bin\win64\libmwi18n.dll
0x0000000180000000 - 0x000000018000b000 	C:\Program Files\MATLAB\R2012b\bin\win64\libmwresource_core.dll
0x0000000061360000 - 0x0000000061433000 	C:\Windows\WinSxS\amd64_microsoft.vc90.crt_1fc8b3b9a1e18e3b_9.0.30729.6161_none_08e61857a83bc251\MSVCP90.dll
0x0000000074990000 - 0x0000000074a33000 	C:\Windows\WinSxS\amd64_microsoft.vc90.crt_1fc8b3b9a1e18e3b_9.0.30729.6161_none_08e61857a83bc251\MSVCR90.dll
0x000000007a170000 - 0x000000007a19c000 	C:\Program Files\MATLAB\R2012b\bin\win64\boost_filesystem-vc90-mt-1_44.dll
0x000000007a560000 - 0x000000007a569000 	C:\Program Files\MATLAB\R2012b\bin\win64\boost_system-vc90-mt-1_44.dll
0x000007fefe180000 - 0x000007fefe25b000 	C:\Windows\system32\ADVAPI32.dll
0x000007fefe0c0000 - 0x000007fefe15f000 	C:\Windows\system32\msvcrt.dll
0x000007fefe160000 - 0x000007fefe17f000 	C:\Windows\SYSTEM32\sechost.dll
0x000007fefeb20000 - 0x000007fefec4d000 	C:\Windows\system32\RPCRT4.dll
0x000000007a010000 - 0x000000007a035000 	C:\Program Files\MATLAB\R2012b\bin\win64\LIBEXPAT.dll
0x0000000060f60000 - 0x0000000061151000 	C:\Program Files\MATLAB\R2012b\bin\win64\icuin44.dll
0x00000000611e0000 - 0x0000000061351000 	C:\Program Files\MATLAB\R2012b\bin\win64\icuuc44.dll
0x0000000010000000 - 0x0000000010e41000 	C:\Program Files\MATLAB\R2012b\bin\win64\icudt44.dll
0x0000000073f70000 - 0x000000007411d000 	C:\Program Files\MATLAB\R2012b\bin\win64\libmwfl.dll
0x00000000043d0000 - 0x0000000004786000 	C:\Program Files\MATLAB\R2012b\bin\win64\libmwMATLAB_res.dll
0x000000007a3b0000 - 0x000000007a3c0000 	C:\Program Files\MATLAB\R2012b\bin\win64\boost_date_time-vc90-mt-1_44.dll
0x000000007a250000 - 0x000000007a263000 	C:\Program Files\MATLAB\R2012b\bin\win64\boost_signals-vc90-mt-1_44.dll
0x000000007a2d0000 - 0x000000007a2e2000 	C:\Program Files\MATLAB\R2012b\bin\win64\boost_thread-vc90-mt-1_44.dll
0x0000000004210000 - 0x00000000042cd000 	C:\Program Files\MATLAB\R2012b\bin\win64\boost_log-vc90-mt-1_44.dll
0x0000000076ee0000 - 0x0000000076ee7000 	C:\Windows\system32\PSAPI.DLL
0x000007fefe660000 - 0x000007fefe6ad000 	C:\Windows\system32\WS2_32.dll
0x000007fefe650000 - 0x000007fefe658000 	C:\Windows\system32\NSI.dll
0x00000000001a0000 - 0x00000000001e6000 	C:\Program Files\MATLAB\R2012b\bin\win64\tbb.dll
0x000007fefd230000 - 0x000007fefd249000 	C:\Windows\system32\imagehlp.dll
0x00000000614e0000 - 0x00000000614f3000 	C:\Program Files\MATLAB\R2012b\bin\win64\icuio44.dll
0x000007fef1650000 - 0x000007fef1775000 	C:\Windows\system32\dbghelp.dll
0x0000000076b00000 - 0x0000000076bfa000 	C:\Windows\system32\USER32.dll
0x000007fefefc0000 - 0x000007feff027000 	C:\Windows\system32\GDI32.dll
0x000007fefe440000 - 0x000007fefe44e000 	C:\Windows\system32\LPK.dll
0x000007fefd160000 - 0x000007fefd229000 	C:\Windows\system32\USP10.dll
0x0000000004790000 - 0x0000000004a6c000 	C:\Program Files\MATLAB\R2012b\bin\win64\libmwservices.dll
0x0000000075a20000 - 0x0000000075af3000 	C:\Program Files\MATLAB\R2012b\bin\win64\libmx.dll
0x0000000004a90000 - 0x0000000004ab9000 	C:\Program Files\MATLAB\R2012b\bin\win64\tbbmalloc.dll
0x000000007a210000 - 0x000000007a228000 	C:\Program Files\MATLAB\R2012b\bin\win64\zlib1.dll
0x0000000004ae0000 - 0x0000000004b2d000 	C:\Program Files\MATLAB\R2012b\bin\win64\libmwregexp.dll
0x0000000004b40000 - 0x0000000004b63000 	C:\Program Files\MATLAB\R2012b\bin\win64\libmwmfl_scalar.dll
0x0000000075f10000 - 0x0000000075f60000 	C:\Program Files\MATLAB\R2012b\bin\win64\mpath.dll
0x000000007b680000 - 0x000000007bc9a000 	C:\Program Files\MATLAB\R2012b\bin\win64\mlutil.dll
0x00000000754d0000 - 0x0000000075551000 	C:\Program Files\MATLAB\R2012b\bin\win64\xmlcore.dll
0x0000000004bb0000 - 0x0000000004e03000 	C:\Program Files\MATLAB\R2012b\bin\win64\xerces-c_2_7.dll
0x0000000004e20000 - 0x0000000004e40000 	C:\Program Files\MATLAB\R2012b\bin\win64\libmwMATLAB_settings_res.dll
0x0000000004e50000 - 0x0000000004e60000 	C:\Program Files\MATLAB\R2012b\bin\win64\boost_iostreams-vc90-mt-1_44.dll
0x0000000004e70000 - 0x0000000004eb7000 	C:\Program Files\MATLAB\R2012b\bin\win64\boost_serialization-vc90-mt-1_44.dll
0x000007fefd250000 - 0x000007fefdfd8000 	C:\Windows\system32\SHELL32.dll
0x000007fefd040000 - 0x000007fefd0b1000 	C:\Windows\system32\SHLWAPI.dll
0x000007fef65a0000 - 0x000007fef6640000 	C:\Windows\WinSxS\amd64_microsoft.windows.common-controls_6595b64144ccf1df_5.82.7601.18201_none_a4d3b9377117c3df\COMCTL32.dll
0x000007fefe5b0000 - 0x000007fefe647000 	C:\Windows\system32\COMDLG32.dll
0x000007fefa700000 - 0x000007fefa716000 	C:\Windows\system32\NETAPI32.dll
0x000007fefa6f0000 - 0x000007fefa6fc000 	C:\Windows\system32\netutils.dll
0x000007fefc9d0000 - 0x000007fefc9f3000 	C:\Windows\system32\srvcli.dll
0x000007fefa6d0000 - 0x000007fefa6e5000 	C:\Windows\system32\wkscli.dll
0x000007fefe910000 - 0x000007fefeb13000 	C:\Windows\system32\ole32.dll
0x000007fefdfe0000 - 0x000007fefe0b7000 	C:\Windows\system32\OLEAUT32.dll
0x0000000004ed0000 - 0x0000000004f91000 	C:\Program Files\MATLAB\R2012b\bin\win64\mcr.dll
0x0000000075000000 - 0x00000000753e9000 	C:\Program Files\MATLAB\R2012b\bin\win64\iqm.dll
0x0000000074e80000 - 0x0000000074f38000 	C:\Program Files\MATLAB\R2012b\bin\win64\m_dispatcher.dll
0x0000000074880000 - 0x000000007496d000 	C:\Program Files\MATLAB\R2012b\bin\win64\boost_regex-vc90-mt-1_44.dll
0x000007fee4670000 - 0x000007fee4ee1000 	C:\Program Files\MATLAB\R2012b\bin\win64\m_interpreter.dll
0x00000000614b0000 - 0x00000000614d7000 	C:\Program Files\MATLAB\R2012b\bin\win64\libmex.dll
0x0000000060ed0000 - 0x0000000060f54000 	C:\Program Files\MATLAB\R2012b\bin\win64\profiler.dll
0x0000000005010000 - 0x000000000527a000 	C:\Program Files\MATLAB\R2012b\bin\win64\libmwmathutil.dll
0x0000000079f40000 - 0x0000000079f6e000 	C:\Program Files\MATLAB\R2012b\bin\win64\libmwmathrng.dll
0x00000000052a0000 - 0x00000000052b2000 	C:\Program Files\MATLAB\R2012b\bin\win64\libmwmfl_rng.dll
0x0000000074c10000 - 0x0000000074cee000 	C:\Program Files\MATLAB\R2012b\bin\win64\libmwmathcore.dll
0x0000000076160000 - 0x00000000761ca000 	C:\Program Files\MATLAB\R2012b\bin\win64\libmwspmatrix.dll
0x0000000075ea0000 - 0x0000000075f02000 	C:\Program Files\MATLAB\R2012b\bin\win64\libmwcholmod.dll
0x000000007a460000 - 0x000000007a46d000 	C:\Program Files\MATLAB\R2012b\bin\win64\libmwamd.dll
0x000000007a4b0000 - 0x000000007a4bc000 	C:\Program Files\MATLAB\R2012b\bin\win64\libmwcolamd.dll
0x000000007a290000 - 0x000000007a2a9000 	C:\Program Files\MATLAB\R2012b\bin\win64\libmwblas.dll
0x000000007a310000 - 0x000000007a321000 	C:\Program Files\MATLAB\R2012b\bin\win64\libmwbinder.dll
0x000000007a4d0000 - 0x000000007a4dc000 	C:\Program Files\MATLAB\R2012b\bin\win64\libmwompwrapper.dll
0x0000000005350000 - 0x00000000053d5000 	C:\Program Files\MATLAB\R2012b\bin\win64\libmwlapack.dll
0x0000000061480000 - 0x00000000614a1000 	C:\Program Files\MATLAB\R2012b\bin\win64\m_pcodeio.dll
0x0000000079b10000 - 0x0000000079b77000 	C:\Program Files\MATLAB\R2012b\bin\win64\m_ir.dll
0x000000005f5f0000 - 0x000000005fc60000 	C:\Program Files\MATLAB\R2012b\bin\win64\m_parser.dll
0x0000000061500000 - 0x000000006151a000 	C:\Program Files\MATLAB\R2012b\bin\win64\ir_xfmr.dll
0x000007feecf40000 - 0x000007feed1d6000 	C:\Program Files\MATLAB\R2012b\bin\win64\mcos.dll
0x00000000611c0000 - 0x00000000611d1000 	C:\Program Files\MATLAB\R2012b\bin\win64\mtok.dll
0x0000000061180000 - 0x00000000611b1000 	C:\Program Files\MATLAB\R2012b\bin\win64\m_pcodegen.dll
0x0000000079fb0000 - 0x0000000079fe6000 	C:\Program Files\MATLAB\R2012b\bin\win64\libmwbridge.dll
0x0000000060e00000 - 0x0000000060ec8000 	C:\Program Files\MATLAB\R2012b\bin\win64\udd.dll
0x0000000060170000 - 0x00000000602c2000 	C:\Program Files\MATLAB\R2012b\bin\win64\libmwgui.dll
0x0000000061160000 - 0x0000000061177000 	C:\Program Files\MATLAB\R2012b\bin\win64\graphics_util.dll
0x000000005eb90000 - 0x000000005f5ef000 	C:\Program Files\MATLAB\R2012b\bin\win64\hg.dll
0x00000000054b0000 - 0x0000000005518000 	C:\Program Files\MATLAB\R2012b\bin\win64\libmat.dll
0x0000000072d30000 - 0x0000000072f44000 	C:\Program Files\MATLAB\R2012b\bin\win64\hdf5dll.dll
0x0000000075710000 - 0x00000000757de000 	C:\Program Files\MATLAB\R2012b\bin\win64\jmi.dll
0x0000000005550000 - 0x000000000555d000 	C:\Program Files\MATLAB\R2012b\bin\win64\nativejava_services.dll
0x0000000060650000 - 0x0000000060696000 	C:\Program Files\MATLAB\R2012b\bin\win64\libmwhardcopy.dll
0x00000000605e0000 - 0x0000000060643000 	C:\Program Files\MATLAB\R2012b\bin\win64\libuij.dll
0x000000005ff00000 - 0x0000000060164000 	C:\Program Files\MATLAB\R2012b\bin\win64\hgdatatypes.dll
0x000000005fde0000 - 0x000000005feff000 	C:\Program Files\MATLAB\R2012b\bin\win64\hgutils.dll
0x000000005fd20000 - 0x000000005fde0000 	C:\Program Files\MATLAB\R2012b\bin\win64\udd_mi.dll
0x00000000055c0000 - 0x00000000055fb000 	C:\Program Files\MATLAB\R2012b\bin\win64\libmwgbtutils.dll
0x0000000005610000 - 0x000000000562b000 	C:\Program Files\MATLAB\R2012b\bin\win64\libmwgbt.dll
0x0000000005640000 - 0x0000000005911000 	C:\Program Files\MATLAB\R2012b\bin\win64\uiw.dll
0x0000000071740000 - 0x000000007174f000 	C:\Program Files\MATLAB\R2012b\bin\win64\uinone.dll
0x0000000005940000 - 0x0000000005969000 	C:\Program Files\MATLAB\R2012b\bin\win64\libmwnativefiledialogs.dll
0x0000000005980000 - 0x0000000005988000 	C:\Program Files\MATLAB\R2012b\bin\win64\libmwplatform_res.dll
0x000007fef6560000 - 0x000007fef6578000 	C:\Windows\system32\MPR.dll
0x000000005e6a0000 - 0x000000005eb84000 	C:\Windows\WinSxS\amd64_microsoft.vc90.mfc_1fc8b3b9a1e18e3b_9.0.30729.6161_none_044aad0bab1eb146\mfc90.dll
0x000007fef89b0000 - 0x000007fef89b7000 	C:\Windows\system32\MSIMG32.dll
0x000007fef6d70000 - 0x000007fef6de1000 	C:\Windows\system32\WINSPOOL.DRV
0x0000000060dd0000 - 0x0000000060df2000 	C:\Program Files\MATLAB\R2012b\bin\win64\mwoles05.DLL
0x000000005fca0000 - 0x000000005fd1d000 	C:\Program Files\MATLAB\R2012b\bin\win64\comcli.dll
0x00000000605b0000 - 0x00000000605df000 	C:\Windows\WinSxS\amd64_microsoft.vc90.atl_1fc8b3b9a1e18e3b_9.0.30729.6161_none_0a1fd3a3a768b895\ATL90.DLL
0x0000000061470000 - 0x000000006147c000 	C:\Program Files\MATLAB\R2012b\bin\win64\mlautoregister.dll
0x000007fefe580000 - 0x000007fefe5ae000 	C:\Windows\system32\IMM32.DLL
0x000007fefecd0000 - 0x000007fefedd9000 	C:\Windows\system32\MSCTF.dll
0x000007fefcc30000 - 0x000007fefcc61000 	C:\Windows\system32\nvinitx.dll
0x000000000f000000 - 0x000000000f006000 	C:\Program Files\NVIDIA Corporation\CoProcManager\detoured.dll
0x000007fef6080000 - 0x000007fef60ad000 	C:\Program Files\NVIDIA Corporation\CoProcManager\nvd3d9wrapx.dll
0x000007fefede0000 - 0x000007fefefb7000 	C:\Windows\system32\SETUPAPI.dll
0x000007fefcd80000 - 0x000007fefcdb6000 	C:\Windows\system32\CFGMGR32.dll
0x000007fefcd20000 - 0x000007fefcd3a000 	C:\Windows\system32\DEVOBJ.dll
0x000007fef6050000 - 0x000007fef6072000 	C:\Program Files\NVIDIA Corporation\CoProcManager\nvdxgiwrapx.dll
0x000007fef9620000 - 0x000007fef9676000 	C:\Windows\system32\UxTheme.dll
0x000007fef91d0000 - 0x000007fef91e8000 	C:\Windows\system32\dwmapi.dll
0x0000000060dc0000 - 0x0000000060dcf000 	C:\Windows\WinSxS\amd64_microsoft.vc90.mfcloc_1fc8b3b9a1e18e3b_9.0.30729.6161_none_01c9581e60cbee58\MFC90DEU.DLL
0x000007fefcc70000 - 0x000007fefcc7f000 	C:\Windows\system32\profapi.dll
0x0000000005a30000 - 0x0000000005a3f000 	C:\Program Files\MATLAB\R2012b\bin\win64\xmlxrcsc.dll
0x000007fefcb60000 - 0x000007fefcb6f000 	C:\Windows\system32\CRYPTBASE.dll

VM Arguments:
jvm_args: -Xss512k -XX:PermSize=32m -Xms64m -XX:NewRatio=3 -XX:MaxPermSize=128m -Xmx196m -XX:MaxDirectMemorySize=2147400000 -Dsun.java2d.noddraw=true -Dsun.awt.nopixfmt=true -Xshare:off -Xrs -Dsun.awt.disableMixing=true -Djava.library.path=C:\Program Files\MATLAB\R2012b\bin\win64;C:\Program Files\MATLAB\R2012b\sys\jxbrowser\win64\lib vfprintf abort 
java_command: <unknown>
Launcher Type: generic

Environment Variables:
PATH=C:\Program Files\MATLAB\R2012b\bin\win64;C:\Program Files (x86)\NVIDIA Corporation\PhysX\Common;C:\Program Files\Java\jdk1.7.0_17\bin;C:\Program Files\TortoiseSVN\bin;C:\Program Files (x86)\Intel\OpenCL SDK\2.0\bin\x86;C:\Program Files (x86)\Intel\OpenCL SDK\2.0\bin\x64;C:\Program Files (x86)\Atmel\Flip 3.4.7\bin
USERNAME=Dario
OS=Windows_NT
PROCESSOR_IDENTIFIER=Intel64 Family 6 Model 42 Stepping 7, GenuineIntel



---------------  S Y S T E M  ---------------

OS: Windows 7 Build 7601 Service Pack 1

CPU:total 4 (8 cores per cpu, 2 threads per core) family 6 model 42 stepping 7, cmov, cx8, fxsr, mmx, sse, sse2, sse3, ssse3, sse4.1, sse4.2, ht

Memory: 4k page, physical 8268016k(4113792k free), swap 16534168k(12217780k free)

vm_info: Java HotSpot(TM) 64-Bit Server VM (14.3-b01) for windows-amd64 JRE (1.6.0_17-b04), built on Oct 11 2009 00:46:08 by "java_re" with MS VC++ 8.0

time: Sat May 10 22:22:00 2014
elapsed time: 5588 seconds

